<?xml version="1.0" encoding="UTF-8"?>
<coverage generated="1653901089433" clover="3.2.0">
  <project timestamp="1653901089433" name="All files">
    <metrics statements="20" coveredstatements="15" conditionals="6" coveredconditionals="2" methods="7" coveredmethods="5" elements="33" coveredelements="22" complexity="0" loc="20" ncloc="20" packages="2" files="2" classes="2"/>
    <package name="src">
      <metrics statements="0" coveredstatements="0" conditionals="0" coveredconditionals="0" methods="0" coveredmethods="0"/>
      <file name="index.ts" path="/home/zaknicholsdev/react-dom-resize-observer/src/index.ts">
        <metrics statements="0" coveredstatements="0" conditionals="0" coveredconditionals="0" methods="0" coveredmethods="0"/>
      </file>
    </package>
    <package name="src.hooks">
      <metrics statements="20" coveredstatements="15" conditionals="6" coveredconditionals="2" methods="7" coveredmethods="5"/>
      <file name="useResizeObserver.ts" path="/home/zaknicholsdev/react-dom-resize-observer/src/hooks/useResizeObserver.ts">
        <metrics statements="20" coveredstatements="15" conditionals="6" coveredconditionals="2" methods="7" coveredmethods="5"/>
        <line num="10" count="9" type="stmt"/>
        <line num="11" count="9" type="stmt"/>
        <line num="13" count="9" type="stmt"/>
        <line num="14" count="8" type="stmt"/>
        <line num="17" count="9" type="stmt"/>
        <line num="21" count="9" type="stmt"/>
        <line num="22" count="8" type="cond" truecount="2" falsecount="0"/>
        <line num="23" count="4" type="stmt"/>
        <line num="24" count="0" type="cond" truecount="0" falsecount="2"/>
        <line num="26" count="0" type="stmt"/>
        <line num="28" count="0" type="stmt"/>
        <line num="30" count="0" type="cond" truecount="0" falsecount="2"/>
        <line num="31" count="0" type="stmt"/>
        <line num="35" count="4" type="stmt"/>
        <line num="37" count="4" type="stmt"/>
        <line num="38" count="1" type="stmt"/>
        <line num="41" count="4" type="stmt"/>
        <line num="42" count="4" type="stmt"/>
        <line num="43" count="4" type="stmt"/>
        <line num="47" count="9" type="stmt"/>
      </file>
    </package>
  </project>
</coverage>
