{"/home/zaknicholsdev/react-dom-resize-observer/src/index.ts": {"path":"/home/zaknicholsdev/react-dom-resize-observer/src/index.ts","statementMap":{},"fnMap":{},"branchMap":{},"s":{},"f":{},"b":{}}
,"/home/zaknicholsdev/react-dom-resize-observer/src/hooks/useResizeObserver.ts": {"path":"/home/zaknicholsdev/react-dom-resize-observer/src/hooks/useResizeObserver.ts","statementMap":{"0":{"start":{"line":10,"column":28},"end":{"line":10,"column":70}},"1":{"start":{"line":11,"column":22},"end":{"line":11,"column":46}},"2":{"start":{"line":13,"column":19},"end":{"line":15,"column":8}},"3":{"start":{"line":14,"column":4},"end":{"line":14,"column":13}},"4":{"start":{"line":17,"column":21},"end":{"line":19,"column":4}},"5":{"start":{"line":21,"column":2},"end":{"line":45,"column":20}},"6":{"start":{"line":22,"column":4},"end":{"line":22,"column":27}},"7":{"start":{"line":22,"column":21},"end":{"line":22,"column":27}},"8":{"start":{"line":23,"column":27},"end":{"line":33,"column":6}},"9":{"start":{"line":24,"column":6},"end":{"line":24,"column":38}},"10":{"start":{"line":24,"column":32},"end":{"line":24,"column":38}},"11":{"start":{"line":26,"column":20},"end":{"line":26,"column":30}},"12":{"start":{"line":28,"column":6},"end":{"line":28,"column":21}},"13":{"start":{"line":30,"column":6},"end":{"line":32,"column":7}},"14":{"start":{"line":31,"column":8},"end":{"line":31,"column":20}},"15":{"start":{"line":35,"column":4},"end":{"line":35,"column":30}},"16":{"start":{"line":37,"column":4},"end":{"line":39,"column":5}},"17":{"start":{"line":38,"column":6},"end":{"line":38,"column":33}},"18":{"start":{"line":41,"column":4},"end":{"line":44,"column":5}},"19":{"start":{"line":42,"column":6},"end":{"line":42,"column":34}},"20":{"start":{"line":43,"column":6},"end":{"line":43,"column":33}},"21":{"start":{"line":47,"column":2},"end":{"line":51,"column":3}}},"fnMap":{"0":{"name":"useResizeObserver","decl":{"start":{"line":3,"column":16},"end":{"line":3,"column":33}},"loc":{"start":{"line":9,"column":2},"end":{"line":52,"column":1}},"line":9},"1":{"name":"(anonymous_1)","decl":{"start":{"line":13,"column":31},"end":{"line":13,"column":32}},"loc":{"start":{"line":13,"column":42},"end":{"line":15,"column":3}},"line":13},"2":{"name":"(anonymous_2)","decl":{"start":{"line":17,"column":28},"end":{"line":17,"column":29}},"loc":{"start":{"line":17,"column":34},"end":{"line":19,"column":3}},"line":17},"3":{"name":"(anonymous_3)","decl":{"start":{"line":21,"column":12},"end":{"line":21,"column":13}},"loc":{"start":{"line":21,"column":18},"end":{"line":45,"column":3}},"line":21},"4":{"name":"(anonymous_4)","decl":{"start":{"line":23,"column":46},"end":{"line":23,"column":47}},"loc":{"start":{"line":23,"column":57},"end":{"line":33,"column":5}},"line":23},"5":{"name":"(anonymous_5)","decl":{"start":{"line":37,"column":25},"end":{"line":37,"column":26}},"loc":{"start":{"line":37,"column":37},"end":{"line":39,"column":5}},"line":37},"6":{"name":"(anonymous_6)","decl":{"start":{"line":41,"column":11},"end":{"line":41,"column":12}},"loc":{"start":{"line":41,"column":17},"end":{"line":44,"column":5}},"line":41}},"branchMap":{"0":{"loc":{"start":{"line":22,"column":4},"end":{"line":22,"column":27}},"type":"if","locations":[{"start":{"line":22,"column":4},"end":{"line":22,"column":27}},{"start":{},"end":{}}],"line":22},"1":{"loc":{"start":{"line":24,"column":6},"end":{"line":24,"column":38}},"type":"if","locations":[{"start":{"line":24,"column":6},"end":{"line":24,"column":38}},{"start":{},"end":{}}],"line":24},"2":{"loc":{"start":{"line":30,"column":6},"end":{"line":32,"column":7}},"type":"if","locations":[{"start":{"line":30,"column":6},"end":{"line":32,"column":7}},{"start":{},"end":{}}],"line":30}},"s":{"0":9,"1":9,"2":9,"3":8,"4":9,"5":9,"6":8,"7":4,"8":4,"9":0,"10":0,"11":0,"12":0,"13":0,"14":0,"15":4,"16":4,"17":1,"18":4,"19":4,"20":4,"21":9},"f":{"0":9,"1":8,"2":0,"3":8,"4":0,"5":1,"6":4},"b":{"0":[4,4],"1":[0,0],"2":[0,0]},"_coverageSchema":"1a1c01bbd47fc00a2c39e90264f33305004495a9","hash":"408263af4696c68b6061acf699ee1cf0a9889019"}
}
