TN:
SF:src/index.ts
FNF:0
FNH:0
LF:0
LH:0
BRF:0
BRH:0
end_of_record
TN:
SF:src/hooks/useResizeObserver.ts
FN:3,useResizeObserver
FN:13,(anonymous_1)
FN:17,(anonymous_2)
FN:21,(anonymous_3)
FN:23,(anonymous_4)
FN:37,(anonymous_5)
FN:41,(anonymous_6)
FNF:7
FNH:5
FNDA:9,useResizeObserver
FNDA:8,(anonymous_1)
FNDA:0,(anonymous_2)
FNDA:8,(anonymous_3)
FNDA:0,(anonymous_4)
FNDA:1,(anonymous_5)
FNDA:4,(anonymous_6)
DA:10,9
DA:11,9
DA:13,9
DA:14,8
DA:17,9
DA:21,9
DA:22,8
DA:23,4
DA:24,0
DA:26,0
DA:28,0
DA:30,0
DA:31,0
DA:35,4
DA:37,4
DA:38,1
DA:41,4
DA:42,4
DA:43,4
DA:47,9
LF:20
LH:15
BRDA:22,0,0,4
BRDA:22,0,1,4
BRDA:24,1,0,0
BRDA:24,1,1,0
BRDA:30,2,0,0
BRDA:30,2,1,0
BRF:6
BRH:2
end_of_record
